[2026-05-31 22:02:21] WARNING  discord.ext.commands.bot | Privileged message content intent is missing, commands may not work as expected.
[2026-05-31 22:02:21] INFO     discord.client   | logging in using static token
[2026-05-31 22:02:22] INFO     __main__         | All cogs loaded successfully
[2026-05-31 22:02:23] INFO     discord.gateway  | Shard ID None has connected to Gateway (Session ID: 6cef6fa0c36d2193189a7f66406f34fc).
[2026-05-31 22:02:25] INFO     __main__         | Logged in as ruxy#5818 (ID: 1510678299427213473)
[2026-05-31 22:02:26] INFO     __main__         | Synced 22 command(s) to Discord (v4.0.0)
[2026-05-31 22:10:40] WARNING  discord.ext.commands.bot | Privileged message content intent is missing, commands may not work as expected.
[2026-05-31 22:10:40] INFO     discord.client   | logging in using static token
[2026-05-31 22:10:41] INFO     __main__         | All cogs loaded successfully
[2026-05-31 22:10:42] INFO     discord.gateway  | Shard ID None has connected to Gateway (Session ID: 8ea5d917078562382704516cfa357a01).
[2026-05-31 22:10:44] INFO     __main__         | Logged in as ruxy#5818 (ID: 1510678299427213473)
[2026-05-31 22:10:44] INFO     __main__         | Commands already up to date (v4.0.0), skipping sync
[2026-05-31 22:10:57] ERROR    discord.app_commands.tree | Ignoring exception in command 'about'
Traceback (most recent call last):
  File "C:\Users\rocha\AppData\Local\Programs\Python\Python313\Lib\site-packages\discord\app_commands\commands.py", line 858, in _do_call
    return await self._callback(self.binding, interaction, **params)  # type: ignore
           ^^^^^^^^^^^^^^^^^^^^^^^^^^^^^^^^^^^^^^^^^^^^^^^^^^^^^^^^^
  File "D:\RUX-WORK\Ruxy-v4\cogs\utility.py", line 34, in about
    e = embeds.about(
        version=BOT_VERSION,
    ...<2 lines>...
        latency_ms=round(self.client.latency * 1000),
    )
  File "D:\RUX-WORK\Ruxy-v4\services\embeds.py", line 214, in about
    e = base(
        title=f"  {BOT_NAME} v{version}",
        description=description,
    )
  File "D:\RUX-WORK\Ruxy-v4\services\embeds.py", line 36, in base
    icon_url=footer_icon or discord.Embed.Empty,
                            ^^^^^^^^^^^^^^^^^^^
AttributeError: type object 'Embed' has no attribute 'Empty'

The above exception was the direct cause of the following exception:

Traceback (most recent call last):
  File "C:\Users\rocha\AppData\Local\Programs\Python\Python313\Lib\site-packages\discord\app_commands\tree.py", line 1297, in _call
    await command._invoke_with_namespace(interaction, namespace)
  File "C:\Users\rocha\AppData\Local\Programs\Python\Python313\Lib\site-packages\discord\app_commands\commands.py", line 884, in _invoke_with_namespace
    return await self._do_call(interaction, transformed_values)
           ^^^^^^^^^^^^^^^^^^^^^^^^^^^^^^^^^^^^^^^^^^^^^^^^^^^^
  File "C:\Users\rocha\AppData\Local\Programs\Python\Python313\Lib\site-packages\discord\app_commands\commands.py", line 877, in _do_call
    raise CommandInvokeError(self, e) from e
discord.app_commands.errors.CommandInvokeError: Command 'about' raised an exception: AttributeError: type object 'Embed' has no attribute 'Empty'
[2026-05-31 22:11:34] WARNING  discord.ext.commands.bot | Privileged message content intent is missing, commands may not work as expected.
[2026-05-31 22:11:34] INFO     discord.client   | logging in using static token
[2026-05-31 22:11:35] INFO     __main__         | All cogs loaded successfully
[2026-05-31 22:11:36] INFO     discord.gateway  | Shard ID None has connected to Gateway (Session ID: 4e95b183c2a242295b30c06ab95037b7).
[2026-05-31 22:11:38] INFO     __main__         | Logged in as ruxy#5818 (ID: 1510678299427213473)
[2026-05-31 22:11:38] INFO     __main__         | Commands already up to date (v4.0.0), skipping sync
[2026-05-31 22:19:40] WARNING  discord.ext.commands.bot | Privileged message content intent is missing, commands may not work as expected.
[2026-05-31 22:19:40] INFO     discord.client   | logging in using static token
[2026-05-31 22:19:41] INFO     __main__         | All cogs loaded successfully
[2026-05-31 22:19:42] INFO     discord.gateway  | Shard ID None has connected to Gateway (Session ID: dea589383693e2c0aa0528df49fcc18d).
[2026-05-31 22:19:44] INFO     __main__         | Logged in as ruxy#5818 (ID: 1510678299427213473)
[2026-05-31 22:19:44] INFO     __main__         | Commands already up to date (v4.0.0), skipping sync
[2026-06-01 07:57:56] WARNING  discord.ext.commands.bot | Privileged message content intent is missing, commands may not work as expected.
[2026-06-01 07:57:56] INFO     discord.client   | logging in using static token
[2026-06-01 07:57:57] INFO     __main__         | All cogs loaded successfully
[2026-06-01 07:57:58] INFO     discord.gateway  | Shard ID None has connected to Gateway (Session ID: 20dc111be2bdb722177df85062679a53).
[2026-06-01 07:58:00] INFO     __main__         | Logged in as ruxy#5818 (ID: 1510678299427213473)
[2026-06-01 07:58:00] INFO     __main__         | Commands already up to date (v4.0.0), skipping sync
[2026-06-01 08:21:58] WARNING  discord.ext.commands.bot | Privileged message content intent is missing, commands may not work as expected.
[2026-06-01 08:21:58] INFO     discord.client   | logging in using static token
[2026-06-01 08:21:59] INFO     __main__         | All cogs loaded, commit checker started
[2026-06-01 08:22:00] INFO     discord.gateway  | Shard ID None has connected to Gateway (Session ID: 8d71402acec67cf3ffd8a3c36a28574a).
[2026-06-01 08:22:02] INFO     __main__         | Logged in as ruxy#5818 (ID: 1510678299427213473)
[2026-06-01 08:22:02] INFO     __main__         | Commands already up to date (v4.0.0), skipping sync
[2026-06-01 08:23:46] WARNING  discord.ext.commands.bot | Privileged message content intent is missing, commands may not work as expected.
[2026-06-01 08:23:46] INFO     discord.client   | logging in using static token
[2026-06-01 08:23:47] INFO     __main__         | All cogs loaded, commit checker started
[2026-06-01 08:23:48] INFO     discord.gateway  | Shard ID None has connected to Gateway (Session ID: 84eb652698f5ff34214cad2d74dfc648).
[2026-06-01 08:23:50] INFO     __main__         | Logged in as ruxy#5818 (ID: 1510678299427213473)
[2026-06-01 08:23:50] INFO     __main__         | Commands already up to date (v4.0.0), skipping sync
[2026-06-01 08:29:29] WARNING  discord.ext.commands.bot | Privileged message content intent is missing, commands may not work as expected.
[2026-06-01 08:29:32] INFO     discord.client   | logging in using static token
[2026-06-01 08:29:33] INFO     __main__         | All cogs loaded, commit checker started
[2026-06-01 08:29:34] INFO     discord.gateway  | Shard ID None has connected to Gateway (Session ID: 75e7b70a49bc94e1155eada0c7a3a2e8).
[2026-06-01 08:29:36] INFO     __main__         | Logged in as ruxy#5818 (ID: 1510678299427213473)
[2026-06-01 08:29:36] INFO     __main__         | Commands already up to date (v4.0.0), skipping sync
[2026-06-01 08:30:41] ERROR    discord.app_commands.tree | Ignoring exception in command 'reload'
Traceback (most recent call last):
  File "C:\Users\rocha\AppData\Local\Programs\Python\Python313\Lib\site-packages\discord\app_commands\tree.py", line 1297, in _call
    await command._invoke_with_namespace(interaction, namespace)
  File "C:\Users\rocha\AppData\Local\Programs\Python\Python313\Lib\site-packages\discord\app_commands\commands.py", line 881, in _invoke_with_namespace
    raise CheckFailure(f'The check functions for command {self.name!r} failed.')
discord.app_commands.errors.CheckFailure: The check functions for command 'reload' failed.
[2026-06-01 08:44:30] WARNING  discord.ext.commands.bot | Privileged message content intent is missing, commands may not work as expected.
[2026-06-01 08:44:30] INFO     discord.client   | logging in using static token
[2026-06-01 08:44:31] INFO     __main__         | All cogs loaded, commit checker started
[2026-06-01 08:44:32] INFO     discord.gateway  | Shard ID None has connected to Gateway (Session ID: 1b46359b1e5efaa26f2fca3a6b78db5f).
[2026-06-01 08:44:34] INFO     __main__         | Logged in as ruxy#5818 (ID: 1510678299427213473)
[2026-06-01 08:44:34] INFO     __main__         | Commands already up to date (v4.0.0), skipping sync
[2026-06-01 08:57:54] WARNING  discord.ext.commands.bot | Privileged message content intent is missing, commands may not work as expected.
[2026-06-01 08:57:54] INFO     discord.client   | logging in using static token
[2026-06-01 08:57:56] INFO     __main__         | All cogs loaded, commit checker started
[2026-06-01 08:57:57] INFO     discord.gateway  | Shard ID None has connected to Gateway (Session ID: 4701e44e188447004fd4c8f7499ea593).
[2026-06-01 08:57:59] INFO     __main__         | Logged in as ruxy#5818 (ID: 1510678299427213473)
[2026-06-01 08:57:59] INFO     __main__         | Commands already up to date (v4.0.0), skipping sync
[2026-06-01 09:10:58] WARNING  discord.ext.commands.bot | Privileged message content intent is missing, commands may not work as expected.
[2026-06-01 09:10:58] INFO     discord.client   | logging in using static token
[2026-06-01 09:11:00] INFO     __main__         | All cogs loaded, commit checker started
[2026-06-01 09:11:01] INFO     discord.gateway  | Shard ID None has connected to Gateway (Session ID: 9ec44ae30409b079728fbd7d0d6dfb06).
[2026-06-01 09:11:03] INFO     __main__         | Logged in as ruxy#5818 (ID: 1510678299427213473)
[2026-06-01 09:11:03] INFO     __main__         | Commands already up to date (v4.0.0), skipping sync
[2026-06-01 09:12:20] ERROR    discord.app_commands.tree | Ignoring exception in command 'sync'
Traceback (most recent call last):
  File "C:\Users\rocha\AppData\Local\Programs\Python\Python313\Lib\site-packages\discord\app_commands\tree.py", line 1297, in _call
    await command._invoke_with_namespace(interaction, namespace)
  File "C:\Users\rocha\AppData\Local\Programs\Python\Python313\Lib\site-packages\discord\app_commands\commands.py", line 881, in _invoke_with_namespace
    raise CheckFailure(f'The check functions for command {self.name!r} failed.')
discord.app_commands.errors.CheckFailure: The check functions for command 'sync' failed.
[2026-06-01 09:16:39] INFO     discord.client   | logging in using static token
[2026-06-01 09:16:40] INFO     __main__         | All cogs loaded, commit checker started
[2026-06-01 09:16:41] INFO     discord.gateway  | Shard ID None has connected to Gateway (Session ID: 4a371f207a084d5e7fc48a877ce2f405).
[2026-06-01 09:16:43] INFO     __main__         | Logged in as ruxy#5818 (ID: 1510678299427213473)
[2026-06-01 09:16:44] INFO     __main__         | Synced 31 command(s) to Discord (v4.1.0)
[2026-06-01 09:19:17] INFO     discord.client   | logging in using static token
[2026-06-01 09:19:19] INFO     __main__         | All cogs loaded, commit checker started
[2026-06-01 09:19:20] INFO     discord.gateway  | Shard ID None has connected to Gateway (Session ID: 7287dabe34646ea21acf2668dd89646f).
[2026-06-01 09:19:22] INFO     __main__         | Logged in as ruxy#5818 (ID: 1510678299427213473)
[2026-06-01 09:19:22] INFO     __main__         | Commands already up to date (v4.1.0), skipping sync
[2026-06-01 09:19:40] INFO     cogs.owner       | Force sync completed: 31 commands
[2026-06-01 09:27:36] INFO     discord.client   | logging in using static token
[2026-06-01 09:27:37] INFO     __main__         | All cogs loaded, commit checker started
[2026-06-01 09:27:38] INFO     discord.gateway  | Shard ID None has connected to Gateway (Session ID: a8af43112789b23e326067e3e49e0e18).
[2026-06-01 09:27:40] INFO     __main__         | Logged in as ruxy#5818 (ID: 1510678299427213473)
[2026-06-01 09:27:41] INFO     __main__         | Synced 31 command(s) to Discord (v4.1.0)
[2026-06-01 09:34:24] INFO     discord.client   | logging in using static token
[2026-06-01 09:34:25] INFO     __main__         | All cogs loaded, commit checker started
[2026-06-01 09:34:26] INFO     discord.gateway  | Shard ID None has connected to Gateway (Session ID: 79743a47a54f950de35a5b3e7b20fc2f).
[2026-06-01 09:34:28] INFO     __main__         | Logged in as ruxy#5818 (ID: 1510678299427213473)
[2026-06-01 09:34:28] INFO     __main__         | Commands already up to date (v4.1.0), skipping sync
[2026-06-01 09:34:51] INFO     cogs.owner       | Force sync completed: 30 commands
[2026-06-01 09:35:13] ERROR    discord.app_commands.tree | Ignoring exception in command 'userinfo'
Traceback (most recent call last):
  File "C:\Users\rocha\AppData\Local\Programs\Python\Python313\Lib\site-packages\discord\app_commands\commands.py", line 858, in _do_call
    return await self._callback(self.binding, interaction, **params)  # type: ignore
           ^^^^^^^^^^^^^^^^^^^^^^^^^^^^^^^^^^^^^^^^^^^^^^^^^^^^^^^^^
  File "D:\RUX-WORK\Ruxy-v4\cogs\userinfo.py", line 28, in userinfo
    await interaction.response.send_message(view=cv2.profile_message(target))
  File "C:\Users\rocha\AppData\Local\Programs\Python\Python313\Lib\site-packages\discord\interactions.py", line 1051, in send_message
    response = await adapter.create_interaction_response(
               ^^^^^^^^^^^^^^^^^^^^^^^^^^^^^^^^^^^^^^^^^^
    ...<6 lines>...
    )
    ^
  File "C:\Users\rocha\AppData\Local\Programs\Python\Python313\Lib\site-packages\discord\webhook\async_.py", line 226, in request
    raise HTTPException(response, data)
discord.errors.HTTPException: 400 Bad Request (error code: 50035): Invalid Form Body
In data.components.1.components.0.content: Must be between 1 and 4000 in length.

The above exception was the direct cause of the following exception:

Traceback (most recent call last):
  File "C:\Users\rocha\AppData\Local\Programs\Python\Python313\Lib\site-packages\discord\app_commands\tree.py", line 1297, in _call
    await command._invoke_with_namespace(interaction, namespace)
  File "C:\Users\rocha\AppData\Local\Programs\Python\Python313\Lib\site-packages\discord\app_commands\commands.py", line 884, in _invoke_with_namespace
    return await self._do_call(interaction, transformed_values)
           ^^^^^^^^^^^^^^^^^^^^^^^^^^^^^^^^^^^^^^^^^^^^^^^^^^^^
  File "C:\Users\rocha\AppData\Local\Programs\Python\Python313\Lib\site-packages\discord\app_commands\commands.py", line 877, in _do_call
    raise CommandInvokeError(self, e) from e
discord.app_commands.errors.CommandInvokeError: Command 'userinfo' raised an exception: HTTPException: 400 Bad Request (error code: 50035): Invalid Form Body
In data.components.1.components.0.content: Must be between 1 and 4000 in length.
[2026-06-01 10:13:50] INFO     discord.client   | logging in using static token
[2026-06-01 10:13:51] INFO     __main__         | All cogs loaded, commit checker started
[2026-06-01 10:13:52] INFO     discord.gateway  | Shard ID None has connected to Gateway (Session ID: 25e069c5f0b048b74328658a3ad2992e).
[2026-06-01 10:13:54] INFO     __main__         | Logged in as ruxy#5818 (ID: 1510678299427213473)
[2026-06-01 10:13:55] INFO     __main__         | Synced 31 command(s) to Discord (v4.1.0)
[2026-06-01 10:18:27] WARNING  discord.client   | PyNaCl is not installed, voice will NOT be supported
[2026-06-01 10:19:20] INFO     discord.client   | logging in using static token
[2026-06-01 10:19:22] INFO     __main__         | All cogs loaded, commit checker started
[2026-06-01 10:19:23] INFO     discord.gateway  | Shard ID None has connected to Gateway (Session ID: 4becd8032ed93dc3b1971a39ff61d1b1).
[2026-06-01 10:19:25] INFO     __main__         | Logged in as ruxy#5818 (ID: 1510678299427213473)
[2026-06-01 10:19:25] INFO     __main__         | Commands already up to date (v4.1.0), skipping sync
[2026-06-01 10:20:04] ERROR    discord.app_commands.tree | Ignoring exception in command 'sync'
Traceback (most recent call last):
  File "C:\Users\rocha\AppData\Local\Programs\Python\Python313\Lib\site-packages\discord\app_commands\tree.py", line 1297, in _call
    await command._invoke_with_namespace(interaction, namespace)
  File "C:\Users\rocha\AppData\Local\Programs\Python\Python313\Lib\site-packages\discord\app_commands\commands.py", line 881, in _invoke_with_namespace
    raise CheckFailure(f'The check functions for command {self.name!r} failed.')
discord.app_commands.errors.CheckFailure: The check functions for command 'sync' failed.
[2026-06-01 10:20:26] ERROR    discord.app_commands.tree | Ignoring exception in command 'userinfo'
Traceback (most recent call last):
  File "C:\Users\rocha\AppData\Local\Programs\Python\Python313\Lib\site-packages\discord\app_commands\commands.py", line 858, in _do_call
    return await self._callback(self.binding, interaction, **params)  # type: ignore
           ^^^^^^^^^^^^^^^^^^^^^^^^^^^^^^^^^^^^^^^^^^^^^^^^^^^^^^^^^
  File "D:\RUX-WORK\PRS\Ruxy-v4\cogs\userinfo.py", line 28, in userinfo
    await interaction.response.send_message(view=cv2.profile_message(target))
  File "C:\Users\rocha\AppData\Local\Programs\Python\Python313\Lib\site-packages\discord\interactions.py", line 1051, in send_message
    response = await adapter.create_interaction_response(
               ^^^^^^^^^^^^^^^^^^^^^^^^^^^^^^^^^^^^^^^^^^
    ...<6 lines>...
    )
    ^
  File "C:\Users\rocha\AppData\Local\Programs\Python\Python313\Lib\site-packages\discord\webhook\async_.py", line 226, in request
    raise HTTPException(response, data)
discord.errors.HTTPException: 400 Bad Request (error code: 50035): Invalid Form Body
In data.components.1.components.0.content: Must be between 1 and 4000 in length.

The above exception was the direct cause of the following exception:

Traceback (most recent call last):
  File "C:\Users\rocha\AppData\Local\Programs\Python\Python313\Lib\site-packages\discord\app_commands\tree.py", line 1297, in _call
    await command._invoke_with_namespace(interaction, namespace)
  File "C:\Users\rocha\AppData\Local\Programs\Python\Python313\Lib\site-packages\discord\app_commands\commands.py", line 884, in _invoke_with_namespace
    return await self._do_call(interaction, transformed_values)
           ^^^^^^^^^^^^^^^^^^^^^^^^^^^^^^^^^^^^^^^^^^^^^^^^^^^^
  File "C:\Users\rocha\AppData\Local\Programs\Python\Python313\Lib\site-packages\discord\app_commands\commands.py", line 877, in _do_call
    raise CommandInvokeError(self, e) from e
discord.app_commands.errors.CommandInvokeError: Command 'userinfo' raised an exception: HTTPException: 400 Bad Request (error code: 50035): Invalid Form Body
In data.components.1.components.0.content: Must be between 1 and 4000 in length.
[2026-06-01 10:23:29] INFO     discord.client   | logging in using static token
[2026-06-01 10:23:31] INFO     __main__         | All cogs loaded, commit checker started
[2026-06-01 10:23:32] INFO     discord.gateway  | Shard ID None has connected to Gateway (Session ID: e174b92e18f8fa4ba7eee3a45d85b8de).
[2026-06-01 10:23:34] INFO     __main__         | Logged in as ruxy#5818 (ID: 1510678299427213473)
[2026-06-01 10:23:34] INFO     __main__         | Commands already up to date (v4.1.0), skipping sync
[2026-06-01 10:30:02] INFO     discord.client   | logging in using static token
[2026-06-01 10:30:05] INFO     __main__         | All cogs loaded, commit checker started
[2026-06-01 10:30:06] INFO     discord.gateway  | Shard ID None has connected to Gateway (Session ID: 0c914fae7dbb42dbda9bdf5b633cb40d).
[2026-06-01 10:30:08] INFO     __main__         | Logged in as ruxy#5818 (ID: 1510678299427213473)
[2026-06-01 10:30:08] INFO     __main__         | Commands already up to date (v4.1.0), skipping sync
[2026-06-01 10:31:12] ERROR    discord.ui.view  | Ignoring exception in view <RRView timeout=60 children=2> for item <Button style=<ButtonStyle.danger: 4> url=None disabled=False label='  Pull the Trigger!' emoji=<PartialEmoji animated=False name='🔫' id=None> row=None sku_id=None id=None>
Traceback (most recent call last):
  File "C:\Users\rocha\AppData\Local\Programs\Python\Python313\Lib\site-packages\discord\ui\view.py", line 555, in _scheduled_task
    await item.callback(interaction)
  File "D:\RUX-WORK\PRS\Ruxy-v4\cogs\fun.py", line 166, in _on_pull
    await interaction.followup.send(
          ~~~~~~~~~~~~~~~~~~~~~~~~~^
        view=build(
        ^^^^^^^^^^^
    ...<3 lines>...
        delete_after=3,
        ^^^^^^^^^^^^^^^
    )
    ^
TypeError: Webhook.send() got an unexpected keyword argument 'delete_after'
[2026-06-01 10:31:15] ERROR    discord.ui.view  | Ignoring exception in view <RRView timeout=60 children=2> for item <Button style=<ButtonStyle.danger: 4> url=None disabled=False label='  Pull the Trigger!' emoji=<PartialEmoji animated=False name='🔫' id=None> row=None sku_id=None id=None>
Traceback (most recent call last):
  File "C:\Users\rocha\AppData\Local\Programs\Python\Python313\Lib\site-packages\discord\ui\view.py", line 555, in _scheduled_task
    await item.callback(interaction)
  File "D:\RUX-WORK\PRS\Ruxy-v4\cogs\fun.py", line 166, in _on_pull
    await interaction.followup.send(
          ~~~~~~~~~~~~~~~~~~~~~~~~~^
        view=build(
        ^^^^^^^^^^^
    ...<3 lines>...
        delete_after=3,
        ^^^^^^^^^^^^^^^
    )
    ^
TypeError: Webhook.send() got an unexpected keyword argument 'delete_after'
[2026-06-01 10:31:18] ERROR    discord.ui.view  | Ignoring exception in view <RRView timeout=60 children=2> for item <Button style=<ButtonStyle.danger: 4> url=None disabled=False label='  Pull the Trigger!' emoji=<PartialEmoji animated=False name='🔫' id=None> row=None sku_id=None id=None>
Traceback (most recent call last):
  File "C:\Users\rocha\AppData\Local\Programs\Python\Python313\Lib\site-packages\discord\ui\view.py", line 555, in _scheduled_task
    await item.callback(interaction)
  File "D:\RUX-WORK\PRS\Ruxy-v4\cogs\fun.py", line 166, in _on_pull
    await interaction.followup.send(
          ~~~~~~~~~~~~~~~~~~~~~~~~~^
        view=build(
        ^^^^^^^^^^^
    ...<3 lines>...
        delete_after=3,
        ^^^^^^^^^^^^^^^
    )
    ^
TypeError: Webhook.send() got an unexpected keyword argument 'delete_after'
[2026-06-01 10:31:20] ERROR    discord.ui.view  | Ignoring exception in view <RRView timeout=60 children=2> for item <Button style=<ButtonStyle.danger: 4> url=None disabled=False label='  Pull the Trigger!' emoji=<PartialEmoji animated=False name='🔫' id=None> row=None sku_id=None id=None>
Traceback (most recent call last):
  File "C:\Users\rocha\AppData\Local\Programs\Python\Python313\Lib\site-packages\discord\ui\view.py", line 555, in _scheduled_task
    await item.callback(interaction)
  File "D:\RUX-WORK\PRS\Ruxy-v4\cogs\fun.py", line 166, in _on_pull
    await interaction.followup.send(
          ~~~~~~~~~~~~~~~~~~~~~~~~~^
        view=build(
        ^^^^^^^^^^^
    ...<3 lines>...
        delete_after=3,
        ^^^^^^^^^^^^^^^
    )
    ^
TypeError: Webhook.send() got an unexpected keyword argument 'delete_after'
[2026-06-01 10:31:21] ERROR    discord.ui.view  | Ignoring exception in view <RRView timeout=60 children=2> for item <Button style=<ButtonStyle.danger: 4> url=None disabled=False label='  Pull the Trigger!' emoji=<PartialEmoji animated=False name='🔫' id=None> row=None sku_id=None id=None>
Traceback (most recent call last):
  File "C:\Users\rocha\AppData\Local\Programs\Python\Python313\Lib\site-packages\discord\ui\view.py", line 555, in _scheduled_task
    await item.callback(interaction)
  File "D:\RUX-WORK\PRS\Ruxy-v4\cogs\fun.py", line 166, in _on_pull
    await interaction.followup.send(
          ~~~~~~~~~~~~~~~~~~~~~~~~~^
        view=build(
        ^^^^^^^^^^^
    ...<3 lines>...
        delete_after=3,
        ^^^^^^^^^^^^^^^
    )
    ^
TypeError: Webhook.send() got an unexpected keyword argument 'delete_after'
[2026-06-01 10:39:15] INFO     discord.client   | logging in using static token
[2026-06-01 10:39:17] INFO     __main__         | All cogs loaded, commit checker started
[2026-06-01 10:39:18] INFO     discord.gateway  | Shard ID None has connected to Gateway (Session ID: 4cc31c7cff320dc4a752e0bd9c4b59aa).
[2026-06-01 10:39:20] INFO     __main__         | Logged in as ruxy#5818 (ID: 1510678299427213473)
[2026-06-01 10:39:20] INFO     __main__         | Commands already up to date (v4.1.0), skipping sync
[2026-06-01 10:48:25] INFO     discord.client   | logging in using static token
[2026-06-01 10:48:27] INFO     __main__         | All cogs loaded, commit checker started
[2026-06-01 10:48:28] INFO     discord.gateway  | Shard ID None has connected to Gateway (Session ID: f01e20628d34996abe18323e66d5f40d).
[2026-06-01 10:48:30] INFO     __main__         | Logged in as ruxy#5818 (ID: 1510678299427213473)
[2026-06-01 10:48:30] INFO     __main__         | Commands already up to date (v4.1.0), skipping sync
[2026-06-01 10:53:40] INFO     discord.client   | logging in using static token
[2026-06-01 10:53:42] INFO     __main__         | All cogs loaded, commit checker started
[2026-06-01 10:53:43] INFO     discord.gateway  | Shard ID None has connected to Gateway (Session ID: d186682dd4bc99f51087652389e438c0).
[2026-06-01 10:53:45] INFO     __main__         | Logged in as ruxy#5818 (ID: 1510678299427213473)
[2026-06-01 10:53:45] INFO     __main__         | Commands already up to date (v4.1.0), skipping sync
[2026-06-01 11:04:38] INFO     discord.client   | logging in using static token
[2026-06-01 11:04:39] INFO     __main__         | All cogs loaded, commit checker started
[2026-06-01 11:04:40] INFO     discord.gateway  | Shard ID None has connected to Gateway (Session ID: e1e4f8eacf4c9784a5049d6d414553b9).
[2026-06-01 11:04:42] INFO     __main__         | Logged in as ruxy#5818 (ID: 1510678299427213473)
[2026-06-01 11:04:42] INFO     __main__         | Commands already up to date (v4.1.0), skipping sync
[2026-06-01 11:05:45] INFO     discord.client   | logging in using static token
[2026-06-01 11:05:46] INFO     __main__         | All cogs loaded, commit checker started
[2026-06-01 11:05:47] INFO     discord.gateway  | Shard ID None has connected to Gateway (Session ID: 94fba22e7a03e3acd0fb374a8e9b8478).
[2026-06-01 11:05:49] INFO     __main__         | Logged in as ruxy#5818 (ID: 1510678299427213473)
[2026-06-01 11:05:49] INFO     __main__         | Commands already up to date (v4.1.0), skipping sync
[2026-06-01 11:06:20] ERROR    discord.app_commands.tree | Ignoring exception in command 'sync'
Traceback (most recent call last):
  File "C:\Users\rocha\AppData\Local\Programs\Python\Python313\Lib\site-packages\discord\app_commands\tree.py", line 1297, in _call
    await command._invoke_with_namespace(interaction, namespace)
  File "C:\Users\rocha\AppData\Local\Programs\Python\Python313\Lib\site-packages\discord\app_commands\commands.py", line 881, in _invoke_with_namespace
    raise CheckFailure(f'The check functions for command {self.name!r} failed.')
discord.app_commands.errors.CheckFailure: The check functions for command 'sync' failed.
[2026-06-01 11:12:31] INFO     discord.client   | logging in using static token
[2026-06-01 11:12:33] INFO     __main__         | All cogs loaded, commit checker started
[2026-06-01 11:12:34] INFO     discord.gateway  | Shard ID None has connected to Gateway (Session ID: 983330e00980d813015553511dbe01ac).
[2026-06-01 11:12:36] INFO     __main__         | Logged in as ruxy#5818 (ID: 1510678299427213473)
[2026-06-01 11:12:37] INFO     __main__         | Synced 33 command(s) to Discord (v4.2.0)
[2026-06-01 11:12:49] ERROR    discord.app_commands.tree | Ignoring exception in command 'userinfo'
Traceback (most recent call last):
  File "C:\Users\rocha\AppData\Local\Programs\Python\Python313\Lib\site-packages\discord\app_commands\commands.py", line 858, in _do_call
    return await self._callback(self.binding, interaction, **params)  # type: ignore
           ^^^^^^^^^^^^^^^^^^^^^^^^^^^^^^^^^^^^^^^^^^^^^^^^^^^^^^^^^
  File "D:\RUX-WORK\PRS\Ruxy-v4\cogs\userinfo.py", line 28, in userinfo
    await interaction.response.send_message(view=cv2.profile_message(target))
                                                 ~~~~~~~~~~~~~~~~~~~^^^^^^^^
  File "D:\RUX-WORK\PRS\Ruxy-v4\services\cv2.py", line 126, in profile_message
    contents.append(Media(url, height=28, width=28))
                    ^^^^^
NameError: name 'Media' is not defined

The above exception was the direct cause of the following exception:

Traceback (most recent call last):
  File "C:\Users\rocha\AppData\Local\Programs\Python\Python313\Lib\site-packages\discord\app_commands\tree.py", line 1297, in _call
    await command._invoke_with_namespace(interaction, namespace)
  File "C:\Users\rocha\AppData\Local\Programs\Python\Python313\Lib\site-packages\discord\app_commands\commands.py", line 884, in _invoke_with_namespace
    return await self._do_call(interaction, transformed_values)
           ^^^^^^^^^^^^^^^^^^^^^^^^^^^^^^^^^^^^^^^^^^^^^^^^^^^^
  File "C:\Users\rocha\AppData\Local\Programs\Python\Python313\Lib\site-packages\discord\app_commands\commands.py", line 877, in _do_call
    raise CommandInvokeError(self, e) from e
discord.app_commands.errors.CommandInvokeError: Command 'userinfo' raised an exception: NameError: name 'Media' is not defined
[2026-06-01 11:14:17] INFO     discord.client   | logging in using static token
[2026-06-01 11:17:19] INFO     discord.client   | logging in using static token
[2026-06-01 11:17:20] INFO     __main__         | All cogs loaded, commit checker started
[2026-06-01 11:17:21] INFO     discord.gateway  | Shard ID None has connected to Gateway (Session ID: 10376830397aeb5ed715f3c1aa16a8a0).
[2026-06-01 11:17:23] INFO     __main__         | Logged in as ruxy#5818 (ID: 1510678299427213473)
[2026-06-01 11:17:23] INFO     __main__         | Commands already up to date (v4.2.0), skipping sync
[2026-06-01 12:22:30] INFO     discord.client   | logging in using static token
[2026-06-01 12:22:31] INFO     __main__         | All cogs loaded, commit checker started
[2026-06-01 12:22:32] INFO     discord.gateway  | Shard ID None has connected to Gateway (Session ID: 35502cf9d84929b5e62d6f7f0643c867).
[2026-06-01 12:22:34] INFO     __main__         | Logged in as ruxy#5818 (ID: 1510678299427213473)
[2026-06-01 12:22:34] INFO     __main__         | Commands already up to date (v4.2.0), skipping sync
[2026-06-01 12:34:13] INFO     discord.client   | logging in using static token
[2026-06-01 12:34:14] INFO     __main__         | All cogs loaded, commit checker started
[2026-06-01 12:34:15] INFO     discord.gateway  | Shard ID None has connected to Gateway (Session ID: a931cf5f60be55dcd6617076abba0b0c).
[2026-06-01 12:34:17] INFO     __main__         | Logged in as ruxy#5818 (ID: 1510678299427213473)
[2026-06-01 12:34:17] INFO     __main__         | Commands already up to date (v4.2.0), skipping sync
[2026-06-01 12:52:53] INFO     discord.gateway  | Shard ID None has successfully RESUMED session a931cf5f60be55dcd6617076abba0b0c.
[2026-06-03 12:27:42] INFO     discord.client   | logging in using static token
[2026-06-03 12:27:43] INFO     __main__         | All cogs loaded, commit checker started
[2026-06-03 12:27:44] INFO     discord.gateway  | Shard ID None has connected to Gateway (Session ID: d7c8396ad4e01236b534eff00ff99fb0).
[2026-06-03 12:27:46] INFO     __main__         | Logged in as ruxy#5818 (ID: 1510678299427213473)
[2026-06-03 12:27:46] INFO     __main__         | Commands already up to date (v4.2.0), skipping sync
